<?xml version="1.0" encoding="UTF-8"?>
<testsuite xmlns:xsi="http://www.w3.org/2001/XMLSchema-instance" xsi:noNamespaceSchemaLocation="https://maven.apache.org/surefire/maven-surefire-plugin/xsd/surefire-test-report.xsd" version="3.0.1" name="com.api.PostfixTest" time="0.053" tests="20" errors="15" skipped="0" failures="5">
  <properties>
[...]
</properties>
  <testcase name="testInfixToPostfixComplexExpression" classname="com.api.PostfixTest" time="0.006">
    <error message="Tipo de stack no válido: ArrayList" type="java.lang.IllegalArgumentException"><![CDATA[java.lang.IllegalArgumentException: Tipo de stack no válido: ArrayList
	at com.api.stack.StackFactory.crearStack(StackFactory.java:17)
	at com.api.Postfix.infixToPostfix(Postfix.java:26)
	at com.api.PostfixTest.testInfixToPostfixComplexExpression(PostfixTest.java:163)
	at java.base/java.lang.reflect.Method.invoke(Method.java:580)
	at java.base/java.util.ArrayList.forEach(ArrayList.java:1597)
	at java.base/java.util.ArrayList.forEach(ArrayList.java:1597)
]]></error>
  </testcase>
  <testcase name="testEvaluateDivision" classname="com.api.PostfixTest" time="0.002">
    <error message="Tipo de stack no válido: ArrayList" type="java.lang.IllegalArgumentException"><![CDATA[java.lang.IllegalArgumentException: Tipo de stack no válido: ArrayList
	at com.api.stack.StackFactory.crearStack(StackFactory.java:17)
	at com.api.Postfix.eval(Postfix.java:79)
	at com.api.PostfixTest.testEvaluateDivision(PostfixTest.java:99)
	at java.base/java.lang.reflect.Method.invoke(Method.java:580)
	at java.base/java.util.ArrayList.forEach(ArrayList.java:1597)
	at java.base/java.util.ArrayList.forEach(ArrayList.java:1597)
]]></error>
  </testcase>
  <testcase name="testEvaluateMultipleOperations" classname="com.api.PostfixTest" time="0.002">
    <error message="Tipo de stack no válido: ArrayList" type="java.lang.IllegalArgumentException"><![CDATA[java.lang.IllegalArgumentException: Tipo de stack no válido: ArrayList
	at com.api.stack.StackFactory.crearStack(StackFactory.java:17)
	at com.api.Postfix.eval(Postfix.java:79)
	at com.api.PostfixTest.testEvaluateMultipleOperations(PostfixTest.java:127)
	at java.base/java.lang.reflect.Method.invoke(Method.java:580)
	at java.base/java.util.ArrayList.forEach(ArrayList.java:1597)
	at java.base/java.util.ArrayList.forEach(ArrayList.java:1597)
]]></error>
  </testcase>
  <testcase name="testInfixToPostfixEmptyExpression" classname="com.api.PostfixTest" time="0.005">
    <failure message="expected: &lt;Expression is empty&gt; but was: &lt;Tipo de stack no válido: ArrayList&gt;" type="org.opentest4j.AssertionFailedError"><![CDATA[org.opentest4j.AssertionFailedError: expected: <Expression is empty> but was: <Tipo de stack no válido: ArrayList>
	at org.junit.jupiter.api.AssertionFailureBuilder.build(AssertionFailureBuilder.java:151)
	at org.junit.jupiter.api.AssertionFailureBuilder.buildAndThrow(AssertionFailureBuilder.java:132)
	at org.junit.jupiter.api.AssertEquals.failNotEqual(AssertEquals.java:197)
	at org.junit.jupiter.api.AssertEquals.assertEquals(AssertEquals.java:182)
	at org.junit.jupiter.api.AssertEquals.assertEquals(AssertEquals.java:177)
	at org.junit.jupiter.api.Assertions.assertEquals(Assertions.java:1145)
	at com.api.PostfixTest.testInfixToPostfixEmptyExpression(PostfixTest.java:180)
	at java.base/java.lang.reflect.Method.invoke(Method.java:580)
	at java.base/java.util.ArrayList.forEach(ArrayList.java:1597)
	at java.base/java.util.ArrayList.forEach(ArrayList.java:1597)
]]></failure>
  </testcase>
  <testcase name="testEvaluateDivisionByZero" classname="com.api.PostfixTest" time="0.002">
    <failure message="Unexpected exception type thrown, expected: &lt;java.lang.ArithmeticException&gt; but was: &lt;java.lang.IllegalArgumentException&gt;" type="org.opentest4j.AssertionFailedError"><![CDATA[org.opentest4j.AssertionFailedError: Unexpected exception type thrown, expected: <java.lang.ArithmeticException> but was: <java.lang.IllegalArgumentException>
	at org.junit.jupiter.api.AssertionFailureBuilder.build(AssertionFailureBuilder.java:151)
	at org.junit.jupiter.api.AssertThrows.assertThrows(AssertThrows.java:67)
	at org.junit.jupiter.api.AssertThrows.assertThrows(AssertThrows.java:35)
	at org.junit.jupiter.api.Assertions.assertThrows(Assertions.java:3128)
	at com.api.PostfixTest.testEvaluateDivisionByZero(PostfixTest.java:148)
	at java.base/java.lang.reflect.Method.invoke(Method.java:580)
	at java.base/java.util.ArrayList.forEach(ArrayList.java:1597)
	at java.base/java.util.ArrayList.forEach(ArrayList.java:1597)
Caused by: java.lang.IllegalArgumentException: Tipo de stack no válido: ArrayList
	at com.api.stack.StackFactory.crearStack(StackFactory.java:17)
	at com.api.Postfix.eval(Postfix.java:79)
	at com.api.PostfixTest.lambda$testEvaluateDivisionByZero$2(PostfixTest.java:149)
	at org.junit.jupiter.api.AssertThrows.assertThrows(AssertThrows.java:53)
	... 6 more
]]></failure>
  </testcase>
  <testcase name="testEvaluateComplexExpression" classname="com.api.PostfixTest" time="0.0">
    <error message="Tipo de stack no válido: ArrayList" type="java.lang.IllegalArgumentException"><![CDATA[java.lang.IllegalArgumentException: Tipo de stack no válido: ArrayList
	at com.api.stack.StackFactory.crearStack(StackFactory.java:17)
	at com.api.Postfix.eval(Postfix.java:79)
	at com.api.PostfixTest.testEvaluateComplexExpression(PostfixTest.java:67)
	at java.base/java.lang.reflect.Method.invoke(Method.java:580)
	at java.base/java.util.ArrayList.forEach(ArrayList.java:1597)
	at java.base/java.util.ArrayList.forEach(ArrayList.java:1597)
]]></error>
  </testcase>
  <testcase name="testEvaluateNegativeResult" classname="com.api.PostfixTest" time="0.002">
    <error message="Tipo de stack no válido: ArrayList" type="java.lang.IllegalArgumentException"><![CDATA[java.lang.IllegalArgumentException: Tipo de stack no válido: ArrayList
	at com.api.stack.StackFactory.crearStack(StackFactory.java:17)
	at com.api.Postfix.eval(Postfix.java:79)
	at com.api.PostfixTest.testEvaluateNegativeResult(PostfixTest.java:120)
	at java.base/java.lang.reflect.Method.invoke(Method.java:580)
	at java.base/java.util.ArrayList.forEach(ArrayList.java:1597)
	at java.base/java.util.ArrayList.forEach(ArrayList.java:1597)
]]></error>
  </testcase>
  <testcase name="testEvaluateSubtraction" classname="com.api.PostfixTest" time="0.001">
    <error message="Tipo de stack no válido: ArrayList" type="java.lang.IllegalArgumentException"><![CDATA[java.lang.IllegalArgumentException: Tipo de stack no válido: ArrayList
	at com.api.stack.StackFactory.crearStack(StackFactory.java:17)
	at com.api.Postfix.eval(Postfix.java:79)
	at com.api.PostfixTest.testEvaluateSubtraction(PostfixTest.java:113)
	at java.base/java.lang.reflect.Method.invoke(Method.java:580)
	at java.base/java.util.ArrayList.forEach(ArrayList.java:1597)
	at java.base/java.util.ArrayList.forEach(ArrayList.java:1597)
]]></error>
  </testcase>
  <testcase name="testInfixToPostfixSimpleExpression" classname="com.api.PostfixTest" time="0.001">
    <error message="Tipo de stack no válido: ArrayList" type="java.lang.IllegalArgumentException"><![CDATA[java.lang.IllegalArgumentException: Tipo de stack no válido: ArrayList
	at com.api.stack.StackFactory.crearStack(StackFactory.java:17)
	at com.api.Postfix.infixToPostfix(Postfix.java:26)
	at com.api.PostfixTest.testInfixToPostfixSimpleExpression(PostfixTest.java:156)
	at java.base/java.lang.reflect.Method.invoke(Method.java:580)
	at java.base/java.util.ArrayList.forEach(ArrayList.java:1597)
	at java.base/java.util.ArrayList.forEach(ArrayList.java:1597)
]]></error>
  </testcase>
  <testcase name="testInfixToPostfixInvalidExpression" classname="com.api.PostfixTest" time="0.001">
    <failure message="expected: &lt;Invalid infix expression&gt; but was: &lt;Tipo de stack no válido: ArrayList&gt;" type="org.opentest4j.AssertionFailedError"><![CDATA[org.opentest4j.AssertionFailedError: expected: <Invalid infix expression> but was: <Tipo de stack no válido: ArrayList>
	at org.junit.jupiter.api.AssertionFailureBuilder.build(AssertionFailureBuilder.java:151)
	at org.junit.jupiter.api.AssertionFailureBuilder.buildAndThrow(AssertionFailureBuilder.java:132)
	at org.junit.jupiter.api.AssertEquals.failNotEqual(AssertEquals.java:197)
	at org.junit.jupiter.api.AssertEquals.assertEquals(AssertEquals.java:182)
	at org.junit.jupiter.api.AssertEquals.assertEquals(AssertEquals.java:177)
	at org.junit.jupiter.api.Assertions.assertEquals(Assertions.java:1145)
	at com.api.PostfixTest.testInfixToPostfixInvalidExpression(PostfixTest.java:189)
	at java.base/java.lang.reflect.Method.invoke(Method.java:580)
	at java.base/java.util.ArrayList.forEach(ArrayList.java:1597)
	at java.base/java.util.ArrayList.forEach(ArrayList.java:1597)
]]></failure>
  </testcase>
  <testcase name="testInfixToPostfixWithParentheses" classname="com.api.PostfixTest" time="0.0">
    <error message="Tipo de stack no válido: ArrayList" type="java.lang.IllegalArgumentException"><![CDATA[java.lang.IllegalArgumentException: Tipo de stack no válido: ArrayList
	at com.api.stack.StackFactory.crearStack(StackFactory.java:17)
	at com.api.Postfix.infixToPostfix(Postfix.java:26)
	at com.api.PostfixTest.testInfixToPostfixWithParentheses(PostfixTest.java:195)
	at java.base/java.lang.reflect.Method.invoke(Method.java:580)
	at java.base/java.util.ArrayList.forEach(ArrayList.java:1597)
	at java.base/java.util.ArrayList.forEach(ArrayList.java:1597)
]]></error>
  </testcase>
  <testcase name="testEvaluateWithNegativeNumbers" classname="com.api.PostfixTest" time="0.001">
    <error message="Tipo de stack no válido: ArrayList" type="java.lang.IllegalArgumentException"><![CDATA[java.lang.IllegalArgumentException: Tipo de stack no válido: ArrayList
	at com.api.stack.StackFactory.crearStack(StackFactory.java:17)
	at com.api.Postfix.eval(Postfix.java:79)
	at com.api.PostfixTest.testEvaluateWithNegativeNumbers(PostfixTest.java:141)
	at java.base/java.lang.reflect.Method.invoke(Method.java:580)
	at java.base/java.util.ArrayList.forEach(ArrayList.java:1597)
	at java.base/java.util.ArrayList.forEach(ArrayList.java:1597)
]]></error>
  </testcase>
  <testcase name="testEvaluateSimpleExpression" classname="com.api.PostfixTest" time="0.001">
    <error message="Tipo de stack no válido: ArrayList" type="java.lang.IllegalArgumentException"><![CDATA[java.lang.IllegalArgumentException: Tipo de stack no válido: ArrayList
	at com.api.stack.StackFactory.crearStack(StackFactory.java:17)
	at com.api.Postfix.eval(Postfix.java:79)
	at com.api.PostfixTest.testEvaluateSimpleExpression(PostfixTest.java:60)
	at java.base/java.lang.reflect.Method.invoke(Method.java:580)
	at java.base/java.util.ArrayList.forEach(ArrayList.java:1597)
	at java.base/java.util.ArrayList.forEach(ArrayList.java:1597)
]]></error>
  </testcase>
  <testcase name="testEvaluateInvalidExpression" classname="com.api.PostfixTest" time="0.001">
    <failure message="expected: &lt;Invalid postfix expression&gt; but was: &lt;Tipo de stack no válido: ArrayList&gt;" type="org.opentest4j.AssertionFailedError"><![CDATA[org.opentest4j.AssertionFailedError: expected: <Invalid postfix expression> but was: <Tipo de stack no válido: ArrayList>
	at org.junit.jupiter.api.AssertionFailureBuilder.build(AssertionFailureBuilder.java:151)
	at org.junit.jupiter.api.AssertionFailureBuilder.buildAndThrow(AssertionFailureBuilder.java:132)
	at org.junit.jupiter.api.AssertEquals.failNotEqual(AssertEquals.java:197)
	at org.junit.jupiter.api.AssertEquals.assertEquals(AssertEquals.java:182)
	at org.junit.jupiter.api.AssertEquals.assertEquals(AssertEquals.java:177)
	at org.junit.jupiter.api.Assertions.assertEquals(Assertions.java:1145)
	at com.api.PostfixTest.testEvaluateInvalidExpression(PostfixTest.java:93)
	at java.base/java.lang.reflect.Method.invoke(Method.java:580)
	at java.base/java.util.ArrayList.forEach(ArrayList.java:1597)
	at java.base/java.util.ArrayList.forEach(ArrayList.java:1597)
]]></failure>
  </testcase>
  <testcase name="testInfixToPostfixSingleNumber" classname="com.api.PostfixTest" time="0.001">
    <error message="Tipo de stack no válido: ArrayList" type="java.lang.IllegalArgumentException"><![CDATA[java.lang.IllegalArgumentException: Tipo de stack no válido: ArrayList
	at com.api.stack.StackFactory.crearStack(StackFactory.java:17)
	at com.api.Postfix.infixToPostfix(Postfix.java:26)
	at com.api.PostfixTest.testInfixToPostfixSingleNumber(PostfixTest.java:170)
	at java.base/java.lang.reflect.Method.invoke(Method.java:580)
	at java.base/java.util.ArrayList.forEach(ArrayList.java:1597)
	at java.base/java.util.ArrayList.forEach(ArrayList.java:1597)
]]></error>
  </testcase>
  <testcase name="testEvaluateWithZero" classname="com.api.PostfixTest" time="0.001">
    <error message="Tipo de stack no válido: ArrayList" type="java.lang.IllegalArgumentException"><![CDATA[java.lang.IllegalArgumentException: Tipo de stack no válido: ArrayList
	at com.api.stack.StackFactory.crearStack(StackFactory.java:17)
	at com.api.Postfix.eval(Postfix.java:79)
	at com.api.PostfixTest.testEvaluateWithZero(PostfixTest.java:134)
	at java.base/java.lang.reflect.Method.invoke(Method.java:580)
	at java.base/java.util.ArrayList.forEach(ArrayList.java:1597)
	at java.base/java.util.ArrayList.forEach(ArrayList.java:1597)
]]></error>
  </testcase>
  <testcase name="testEvaluateSingleNumber" classname="com.api.PostfixTest" time="0.001">
    <error message="Tipo de stack no válido: ArrayList" type="java.lang.IllegalArgumentException"><![CDATA[java.lang.IllegalArgumentException: Tipo de stack no válido: ArrayList
	at com.api.stack.StackFactory.crearStack(StackFactory.java:17)
	at com.api.Postfix.eval(Postfix.java:79)
	at com.api.PostfixTest.testEvaluateSingleNumber(PostfixTest.java:74)
	at java.base/java.lang.reflect.Method.invoke(Method.java:580)
	at java.base/java.util.ArrayList.forEach(ArrayList.java:1597)
	at java.base/java.util.ArrayList.forEach(ArrayList.java:1597)
]]></error>
  </testcase>
  <testcase name="testEvaluateMultiplication" classname="com.api.PostfixTest" time="0.005">
    <error message="Tipo de stack no válido: ArrayList" type="java.lang.IllegalArgumentException"><![CDATA[java.lang.IllegalArgumentException: Tipo de stack no válido: ArrayList
	at com.api.stack.StackFactory.crearStack(StackFactory.java:17)
	at com.api.Postfix.eval(Postfix.java:79)
	at com.api.PostfixTest.testEvaluateMultiplication(PostfixTest.java:106)
	at java.base/java.lang.reflect.Method.invoke(Method.java:580)
	at java.base/java.util.ArrayList.forEach(ArrayList.java:1597)
	at java.base/java.util.ArrayList.forEach(ArrayList.java:1597)
]]></error>
  </testcase>
  <testcase name="testEvaluateEmptyExpression" classname="com.api.PostfixTest" time="0.002">
    <failure message="expected: &lt;Expression is empty&gt; but was: &lt;Tipo de stack no válido: ArrayList&gt;" type="org.opentest4j.AssertionFailedError"><![CDATA[org.opentest4j.AssertionFailedError: expected: <Expression is empty> but was: <Tipo de stack no válido: ArrayList>
	at org.junit.jupiter.api.AssertionFailureBuilder.build(AssertionFailureBuilder.java:151)
	at org.junit.jupiter.api.AssertionFailureBuilder.buildAndThrow(AssertionFailureBuilder.java:132)
	at org.junit.jupiter.api.AssertEquals.failNotEqual(AssertEquals.java:197)
	at org.junit.jupiter.api.AssertEquals.assertEquals(AssertEquals.java:182)
	at org.junit.jupiter.api.AssertEquals.assertEquals(AssertEquals.java:177)
	at org.junit.jupiter.api.Assertions.assertEquals(Assertions.java:1145)
	at com.api.PostfixTest.testEvaluateEmptyExpression(PostfixTest.java:84)
	at java.base/java.lang.reflect.Method.invoke(Method.java:580)
	at java.base/java.util.ArrayList.forEach(ArrayList.java:1597)
	at java.base/java.util.ArrayList.forEach(ArrayList.java:1597)
]]></failure>
  </testcase>
  <testcase name="testInfixToPostfixWithDivision" classname="com.api.PostfixTest" time="0.001">
    <error message="Tipo de stack no válido: ArrayList" type="java.lang.IllegalArgumentException"><![CDATA[java.lang.IllegalArgumentException: Tipo de stack no válido: ArrayList
	at com.api.stack.StackFactory.crearStack(StackFactory.java:17)
	at com.api.Postfix.infixToPostfix(Postfix.java:26)
	at com.api.PostfixTest.testInfixToPostfixWithDivision(PostfixTest.java:202)
	at java.base/java.lang.reflect.Method.invoke(Method.java:580)
	at java.base/java.util.ArrayList.forEach(ArrayList.java:1597)
	at java.base/java.util.ArrayList.forEach(ArrayList.java:1597)
]]></error>
  </testcase>
</testsuite>